
Gurobi 10.0.0 (mac64[arm]) logging started Mon Sep 18 15:51:00 2023

Set parameter LogFile to value "midsem.log"
Set parameter MIPFocus to value 1

Gurobi 10.0.0 (mac64[arm]) logging started Mon Sep 18 15:51:40 2023

Set parameter LogFile to value "midsem.log"
Set parameter MIPFocus to value 1

Gurobi 10.0.0 (mac64[arm]) logging started Mon Sep 18 15:56:32 2023

Set parameter LogFile to value "midsem.log"
Set parameter MIPFocus to value 1

Gurobi 10.0.0 (mac64[arm]) logging started Mon Sep 18 15:59:34 2023

Set parameter LogFile to value "midsem.log"
Set parameter MIPFocus to value 1

Gurobi 10.0.0 (mac64[arm]) logging started Mon Sep 18 16:00:36 2023

Set parameter LogFile to value "midsem.log"
Set parameter MIPFocus to value 1

Gurobi 10.0.0 (mac64[arm]) logging started Mon Sep 18 16:00:44 2023

Set parameter LogFile to value "midsem.log"
Set parameter MIPFocus to value 1
Gurobi Optimizer version 10.0.0 build v10.0.0rc2 (mac64[arm])

CPU model: Apple M1 Pro
Thread count: 10 physical cores, 10 logical processors, using up to 10 threads

Optimize a model with 110 rows, 1020 columns and 2000 nonzeros
Model fingerprint: 0xadbe5735
Model has 110 quadratic objective terms
Variable types: 0 continuous, 1020 integer (1000 binary)
Coefficient statistics:
  Matrix range     [1e+00, 1e+00]
  Objective range  [1e+04, 1e+04]
  QObjective range [8e+00, 2e+02]
  Bounds range     [1e+00, 1e+00]
  RHS range        [1e+00, 1e+01]
Found heuristic solution: objective 8.000000e+21
Presolve removed 0 rows and 20 columns
Presolve time: 0.01s
Presolved: 110 rows, 1000 columns, 2000 nonzeros
Found heuristic solution: objective 1506840.0000
Variable types: 0 continuous, 1000 integer (1000 binary)

Explored 0 nodes (0 simplex iterations) in 0.02 seconds (0.01 work units)
Thread count was 10 (of 10 available processors)

Solution count 2: 1.50684e+06 8e+21 

Optimal solution found (tolerance 1.00e-04)
Best objective 1.506840000000e+06, best bound 1.506840000000e+06, gap 0.0000%

Gurobi 10.0.0 (mac64[arm]) logging started Mon Sep 18 16:02:24 2023

Set parameter LogFile to value "midsem.log"
Set parameter MIPFocus to value 1

Gurobi 10.0.0 (mac64[arm]) logging started Mon Sep 18 16:08:41 2023

Set parameter LogFile to value "midsem.log"
Set parameter MIPFocus to value 1

Gurobi 10.0.0 (mac64[arm]) logging started Mon Sep 18 16:09:17 2023

Set parameter LogFile to value "midsem.log"
Set parameter MIPFocus to value 1
Gurobi Optimizer version 10.0.0 build v10.0.0rc2 (mac64[arm])

CPU model: Apple M1 Pro
Thread count: 10 physical cores, 10 logical processors, using up to 10 threads

Optimize a model with 110 rows, 1020 columns and 2000 nonzeros
Model fingerprint: 0x09938e17
Model has 2110 quadratic objective terms
Variable types: 0 continuous, 1020 integer (1000 binary)
Coefficient statistics:
  Matrix range     [1e+00, 1e+00]
  Objective range  [2e+01, 2e+02]
  QObjective range [2e+00, 4e+01]
  Bounds range     [1e+00, 1e+00]
  RHS range        [1e+00, 1e+01]
Found heuristic solution: objective 4.000000e+11
Presolve time: 0.00s

Explored 0 nodes (0 simplex iterations) in 0.00 seconds (0.01 work units)
Thread count was 1 (of 10 available processors)

Solution count 1: 4e+11 

Best objective 4.000000245760e+11, best bound -, gap -

Gurobi 10.0.0 (mac64[arm]) logging started Mon Sep 18 16:10:58 2023

Set parameter LogFile to value "midsem.log"
Set parameter MIPFocus to value 1
Gurobi Optimizer version 10.0.0 build v10.0.0rc2 (mac64[arm])

CPU model: Apple M1 Pro
Thread count: 10 physical cores, 10 logical processors, using up to 10 threads

Optimize a model with 110 rows, 1020 columns and 2000 nonzeros
Model fingerprint: 0x1cb71dee
Model has 2110 quadratic objective terms
Variable types: 0 continuous, 1020 integer (1000 binary)
Coefficient statistics:
  Matrix range     [1e+00, 1e+00]
  Objective range  [1e+01, 2e+02]
  QObjective range [2e+00, 4e+01]
  Bounds range     [1e+00, 1e+00]
  RHS range        [1e+00, 1e+01]
Found heuristic solution: objective 4.000000e+11
Presolve time: 0.00s

Explored 0 nodes (0 simplex iterations) in 0.00 seconds (0.01 work units)
Thread count was 1 (of 10 available processors)

Solution count 1: 4e+11 

Best objective 4.000000245760e+11, best bound -, gap -

Gurobi 10.0.0 (mac64[arm]) logging started Mon Sep 18 16:14:43 2023

Set parameter LogFile to value "midsem.log"
Set parameter MIPFocus to value 1

Gurobi 10.0.0 (mac64[arm]) logging started Mon Sep 18 16:15:00 2023

Set parameter LogFile to value "midsem.log"
Set parameter MIPFocus to value 1

Gurobi 10.0.0 (mac64[arm]) logging started Mon Sep 18 16:15:14 2023

Set parameter LogFile to value "midsem.log"
Set parameter MIPFocus to value 1
Gurobi Optimizer version 10.0.0 build v10.0.0rc2 (mac64[arm])

CPU model: Apple M1 Pro
Thread count: 10 physical cores, 10 logical processors, using up to 10 threads

Optimize a model with 110 rows, 2020 columns and 2000 nonzeros
Model fingerprint: 0x1acf7c35
Model has 1110 quadratic objective terms
Model has 1000 quadratic constraints
Variable types: 0 continuous, 2020 integer (1000 binary)
Coefficient statistics:
  Matrix range     [1e+00, 1e+00]
  QMatrix range    [1e+00, 1e+00]
  QLMatrix range   [1e+00, 2e+02]
  Objective range  [0e+00, 0e+00]
  QObjective range [2e+00, 4e+01]
  Bounds range     [1e+00, 1e+00]
  RHS range        [1e+00, 1e+01]
  QRHS range       [5e+01, 2e+04]
Presolve added 990 rows and 0 columns
Presolve time: 0.01s

Explored 0 nodes (0 simplex iterations) in 0.01 seconds (0.02 work units)
Thread count was 1 (of 10 available processors)

Solution count 0

Best objective -, best bound -, gap -

Gurobi 10.0.0 (mac64[arm]) logging started Mon Sep 18 16:15:50 2023

Set parameter LogFile to value "midsem.log"
Set parameter MIPFocus to value 1
Gurobi Optimizer version 10.0.0 build v10.0.0rc2 (mac64[arm])

CPU model: Apple M1 Pro
Thread count: 10 physical cores, 10 logical processors, using up to 10 threads

Optimize a model with 110 rows, 2020 columns and 2000 nonzeros
Model fingerprint: 0x06eed81a
Model has 1110 quadratic objective terms
Model has 1000 quadratic constraints
Variable types: 0 continuous, 2020 integer (1000 binary)
Coefficient statistics:
  Matrix range     [1e+00, 1e+00]
  QMatrix range    [1e+00, 1e+00]
  QLMatrix range   [1e+00, 2e+02]
  Objective range  [0e+00, 0e+00]
  QObjective range [2e+00, 4e+01]
  Bounds range     [1e+00, 1e+00]
  RHS range        [1e+00, 1e+01]
  QRHS range       [4e+02, 2e+04]
Presolve added 990 rows and 0 columns
Presolve time: 0.01s

Explored 0 nodes (0 simplex iterations) in 0.01 seconds (0.02 work units)
Thread count was 1 (of 10 available processors)

Solution count 0

Best objective -, best bound -, gap -

Gurobi 10.0.0 (mac64[arm]) logging started Mon Sep 18 16:17:29 2023

Set parameter LogFile to value "midsem.log"
Set parameter MIPFocus to value 1

Gurobi 10.0.0 (mac64[arm]) logging started Mon Sep 18 16:17:51 2023

Set parameter LogFile to value "midsem.log"
Set parameter MIPFocus to value 1

Gurobi 10.0.0 (mac64[arm]) logging started Mon Sep 18 16:20:34 2023

Set parameter LogFile to value "midsem.log"
Set parameter MIPFocus to value 1
Gurobi Optimizer version 10.0.0 build v10.0.0rc2 (mac64[arm])

CPU model: Apple M1 Pro
Thread count: 10 physical cores, 10 logical processors, using up to 10 threads

Optimize a model with 110 rows, 3020 columns and 2000 nonzeros
Model fingerprint: 0x80000197
Model has 110 quadratic objective terms
Model has 2000 quadratic constraints
Model has 1000 general constraints
Variable types: 0 continuous, 3020 integer (1000 binary)
Coefficient statistics:
  Matrix range     [1e+00, 1e+00]
  QMatrix range    [1e+00, 1e+00]
  QLMatrix range   [1e+00, 1e+02]
  Objective range  [1e+00, 1e+00]
  QObjective range [8e+00, 4e+01]
  Bounds range     [1e+00, 1e+00]
  RHS range        [1e+00, 1e+01]
Presolve added 3000 rows and 102000 columns
Presolve time: 0.18s
Presolved: 9110 rows, 111020 columns, 323970 nonzeros
Presolved model has 5000 SOS constraint(s)
Presolved model has 110 quadratic objective terms
Variable types: 102000 continuous, 9020 integer (3000 binary)

Root relaxation: objective 0.000000e+00, 71755 iterations, 0.34 seconds (0.71 work units)

    Nodes    |    Current Node    |     Objective Bounds      |     Work
 Expl Unexpl |  Obj  Depth IntInf | Incumbent    BestBd   Gap | It/Node Time

     0     0    0.00000    0  197          -    0.00000      -     -    0s
     0     0    0.00000    0  197          -    0.00000      -     -    0s
     0     0    0.00000    0  197          -    0.00000      -     -    0s
     0     0    0.00000    0  197          -    0.00000      -     -    1s
     0     0    0.00000    0  197          -    0.00000      -     -    1s
     0     0    0.00000    0  197          -    0.00000      -     -    1s
     0     0    0.00000    0  197          -    0.00000      -     -    1s
     0     0    0.00000    0  197          -    0.00000      -     -    1s
     0     0    0.00000    0  197          -    0.00000      -     -    2s
     0     0    0.00000    0  197          -    0.00000      -     -    2s
     0     0    0.00000    0 6642          -    0.00000      -     -    2s
     0     0    0.00000    0 6689          -    0.00000      -     -    5s
     0     0    0.00000    0 4135          -    0.00000      -     -    6s
     0     0    0.00000    0 4137          -    0.00000      -     -    6s
     0     0    0.00000    0 4138          -    0.00000      -     -    6s
     0     0    0.00000    0 4137          -    0.00000      -     -    7s
     0     0    0.00000    0 4174          -    0.00000      -     -    7s
     0     0    0.00000    0 4148          -    0.00000      -     -    7s
     0     0    2.57586    0 6192          -    2.57586      -     -    7s
     0     0    8.38786    0 5979          -    8.38786      -     -    7s
     0     0    9.62910    0 5975          -    9.62910      -     -    8s
     0     0   36.99299    0 5369          -   36.99299      -     -    8s
     0     0   37.56284    0 5360          -   37.56284      -     -    8s
     0     0   39.16068    0 5325          -   39.16068      -     -    9s
     0     2   44.62904    0 5325          -   44.62904      -     -   10s

Cutting planes:
  Implied bound: 3
  MIR: 34
  Flow cover: 67
  Network: 1
  RLT: 6
  Relax-and-lift: 124

Explored 123 nodes (98369 simplex iterations) in 14.69 seconds (40.30 work units)
Thread count was 10 (of 10 available processors)

Solution count 0

Model is infeasible or unbounded
Best objective -, best bound -, gap -

Gurobi 10.0.0 (mac64[arm]) logging started Mon Sep 18 16:21:43 2023

Set parameter LogFile to value "midsem.log"
Set parameter MIPFocus to value 1
Gurobi Optimizer version 10.0.0 build v10.0.0rc2 (mac64[arm])

CPU model: Apple M1 Pro
Thread count: 10 physical cores, 10 logical processors, using up to 10 threads

Optimize a model with 100 rows, 3020 columns and 1000 nonzeros
Model fingerprint: 0xe10107bb
Model has 110 quadratic objective terms
Model has 2000 quadratic constraints
Model has 1000 general constraints
Variable types: 0 continuous, 3020 integer (1000 binary)
Coefficient statistics:
  Matrix range     [1e+00, 1e+00]
  QMatrix range    [1e+00, 1e+00]
  QLMatrix range   [1e+00, 1e+02]
  Objective range  [1e+00, 1e+00]
  QObjective range [8e+00, 4e+01]
  Bounds range     [1e+00, 1e+00]
  RHS range        [1e+00, 1e+00]
Presolve added 3000 rows and 102000 columns
Presolve time: 0.17s
Presolved: 9100 rows, 111020 columns, 322970 nonzeros
Presolved model has 5000 SOS constraint(s)
Presolved model has 110 quadratic objective terms
Variable types: 102000 continuous, 9020 integer (3000 binary)

Root relaxation: objective 0.000000e+00, 69863 iterations, 0.33 seconds (0.66 work units)

    Nodes    |    Current Node    |     Objective Bounds      |     Work
 Expl Unexpl |  Obj  Depth IntInf | Incumbent    BestBd   Gap | It/Node Time

     0     0    0.00000    0  197          -    0.00000      -     -    1s
     0     0    0.00000    0  197          -    0.00000      -     -    1s
     0     0    0.00000    0  197          -    0.00000      -     -    1s
     0     0    0.00000    0  197          -    0.00000      -     -    1s
     0     0    0.00000    0  197          -    0.00000      -     -    1s
     0     0    0.00000    0  197          -    0.00000      -     -    1s
     0     0    0.00000    0  197          -    0.00000      -     -    1s
     0     0    0.00000    0  197          -    0.00000      -     -    1s
     0     0    0.00000    0  197          -    0.00000      -     -    1s
     0     0    0.00000    0  197          -    0.00000      -     -    1s
     0     0    0.00000    0 5968          -    0.00000      -     -    1s
     0     0    0.00000    0 6118          -    0.00000      -     -    3s
     0     0    0.00000    0 1036          -    0.00000      -     -    4s
     0     0    0.00000    0 1117          -    0.00000      -     -    4s
     0     0    0.00000    0 1122          -    0.00000      -     -    5s
     0     0    0.00000    0 1179          -    0.00000      -     -    5s
     0     0    0.00000    0 1189          -    0.00000      -     -    6s
     0     0    0.00000    0 1200          -    0.00000      -     -    6s
     0     0    0.00000    0 1203          -    0.00000      -     -    7s
     0     0    0.00000    0 1237          -    0.00000      -     -    7s
     0     2    0.00000    0 1237          -    0.00000      -     -   12s
    45     6 68821.7481   15 2044          - 28015.5580      -   9.5   15s
  2517   490 infeasible  172               - 30191.4415      -   4.2   20s

Cutting planes:
  Implied bound: 1
  MIR: 26
  StrongCG: 3
  Flow cover: 5
  Zero half: 4
  Relax-and-lift: 3

Explored 2607 nodes (84983 simplex iterations) in 20.18 seconds (42.16 work units)
Thread count was 10 (of 10 available processors)

Solution count 0

Solve interrupted
Best objective -, best bound 3.019200000000e+04, gap -

Gurobi 10.0.0 (mac64[arm]) logging started Mon Sep 18 16:25:46 2023

Set parameter LogFile to value "midsem.log"
Set parameter MIPFocus to value 1
Gurobi Optimizer version 10.0.0 build v10.0.0rc2 (mac64[arm])

CPU model: Apple M1 Pro
Thread count: 10 physical cores, 10 logical processors, using up to 10 threads

Optimize a model with 110 rows, 1020 columns and 2000 nonzeros
Model fingerprint: 0x3a766dfe
Model has 110 quadratic objective terms
Variable types: 0 continuous, 1020 integer (1000 binary)
Coefficient statistics:
  Matrix range     [1e+00, 1e+00]
  Objective range  [0e+00, 0e+00]
  QObjective range [8e+00, 4e+01]
  Bounds range     [1e+00, 1e+00]
  RHS range        [1e+00, 1e+01]
Found heuristic solution: objective 0.0000000
Presolve removed 0 rows and 20 columns
Presolve time: 0.07s
Presolved: 110 rows, 1000 columns, 2000 nonzeros
Variable types: 0 continuous, 1000 integer (1000 binary)

Explored 0 nodes (0 simplex iterations) in 0.07 seconds (0.01 work units)
Thread count was 10 (of 10 available processors)

Solution count 1: 0 

Optimal solution found (tolerance 1.00e-04)
Best objective 0.000000000000e+00, best bound 0.000000000000e+00, gap 0.0000%

Gurobi 10.0.0 (mac64[arm]) logging started Mon Sep 18 16:29:57 2023

Set parameter LogFile to value "midsem.log"
Set parameter MIPFocus to value 1

Gurobi 10.0.0 (mac64[arm]) logging started Mon Sep 18 16:30:05 2023

Set parameter LogFile to value "midsem.log"
Set parameter MIPFocus to value 1

Gurobi 10.0.0 (mac64[arm]) logging started Mon Sep 18 16:30:31 2023

Set parameter LogFile to value "midsem.log"
Set parameter MIPFocus to value 1

Gurobi 10.0.0 (mac64[arm]) logging started Mon Sep 18 16:37:32 2023

Set parameter LogFile to value "midsem.log"
Set parameter MIPFocus to value 1

Gurobi 10.0.0 (mac64[arm]) logging started Mon Sep 18 16:42:11 2023

Set parameter LogFile to value "midsem.log"
Set parameter MIPFocus to value 1
Gurobi Optimizer version 10.0.0 build v10.0.0rc2 (mac64[arm])

CPU model: Apple M1 Pro
Thread count: 10 physical cores, 10 logical processors, using up to 10 threads

Optimize a model with 2110 rows, 3020 columns and 6000 nonzeros
Model fingerprint: 0x3661e72f
Model has 110 quadratic objective terms
Model has 1000 general constraints
Variable types: 0 continuous, 3020 integer (1000 binary)
Coefficient statistics:
  Matrix range     [1e+00, 1e+00]
  Objective range  [1e+00, 1e+00]
  QObjective range [8e+00, 4e+01]
  Bounds range     [1e+00, 1e+00]
  RHS range        [1e+00, 1e+02]
Presolve added 3000 rows and 102500 columns
Presolve time: 0.03s

Explored 0 nodes (0 simplex iterations) in 0.03 seconds (0.05 work units)
Thread count was 1 (of 10 available processors)

Solution count 0

Model is infeasible or unbounded
Best objective -, best bound -, gap -

Gurobi 10.0.0 (mac64[arm]) logging started Mon Sep 18 16:45:08 2023

Set parameter LogFile to value "midsem.log"
Set parameter MIPFocus to value 1
Gurobi Optimizer version 10.0.0 build v10.0.0rc2 (mac64[arm])

CPU model: Apple M1 Pro
Thread count: 10 physical cores, 10 logical processors, using up to 10 threads

Optimize a model with 2110 rows, 3020 columns and 6000 nonzeros
Model fingerprint: 0x5df78702
Model has 110 quadratic objective terms
Model has 1000 quadratic constraints
Variable types: 0 continuous, 3020 integer (1000 binary)
Coefficient statistics:
  Matrix range     [1e+00, 1e+00]
  QMatrix range    [1e+00, 1e+00]
  QLMatrix range   [1e+00, 1e+00]
  Objective range  [1e+00, 1e+00]
  QObjective range [8e+00, 4e+01]
  Bounds range     [1e+00, 1e+00]
  RHS range        [1e+00, 1e+02]
Presolve removed 20 rows and 20 columns
Presolve time: 0.00s

Explored 0 nodes (0 simplex iterations) in 0.00 seconds (0.00 work units)
Thread count was 1 (of 10 available processors)

Solution count 0

Model is infeasible or unbounded
Best objective -, best bound -, gap -

Gurobi 10.0.0 (mac64[arm]) logging started Mon Sep 18 16:45:54 2023

Set parameter LogFile to value "midsem.log"
Set parameter MIPFocus to value 1
Gurobi Optimizer version 10.0.0 build v10.0.0rc2 (mac64[arm])

CPU model: Apple M1 Pro
Thread count: 10 physical cores, 10 logical processors, using up to 10 threads

Optimize a model with 2311 rows, 3322 columns and 6600 nonzeros
Model fingerprint: 0x36f518e4
Model has 132 quadratic objective terms
Model has 1100 quadratic constraints
Variable types: 0 continuous, 3322 integer (1100 binary)
Coefficient statistics:
  Matrix range     [1e+00, 1e+00]
  QMatrix range    [1e+00, 1e+00]
  QLMatrix range   [1e+00, 1e+00]
  Objective range  [1e+00, 1e+00]
  QObjective range [8e+00, 4e+01]
  Bounds range     [1e+00, 1e+00]
  RHS range        [1e+00, 1e+02]
Presolve removed 22 rows and 22 columns
Presolve time: 0.00s

Explored 0 nodes (0 simplex iterations) in 0.00 seconds (0.00 work units)
Thread count was 1 (of 10 available processors)

Solution count 0

Model is infeasible or unbounded
Best objective -, best bound -, gap -

Gurobi 10.0.0 (mac64[arm]) logging started Mon Sep 18 16:46:18 2023

Set parameter LogFile to value "midsem.log"
Set parameter MIPFocus to value 1
Gurobi Optimizer version 10.0.0 build v10.0.0rc2 (mac64[arm])

CPU model: Apple M1 Pro
Thread count: 10 physical cores, 10 logical processors, using up to 10 threads

Optimize a model with 110 rows, 3020 columns and 2000 nonzeros
Model fingerprint: 0xba873a9c
Model has 110 quadratic objective terms
Model has 3000 quadratic constraints
Variable types: 0 continuous, 3020 integer (1000 binary)
Coefficient statistics:
  Matrix range     [1e+00, 1e+00]
  QMatrix range    [1e+00, 1e+00]
  QLMatrix range   [1e+00, 1e+02]
  Objective range  [1e+00, 1e+00]
  QObjective range [8e+00, 4e+01]
  Bounds range     [1e+00, 1e+00]
  RHS range        [1e+00, 1e+01]
Presolve time: 0.01s

Explored 0 nodes (0 simplex iterations) in 0.01 seconds (0.01 work units)
Thread count was 1 (of 10 available processors)

Solution count 0

Best objective -, best bound -, gap -

Gurobi 10.0.0 (mac64[arm]) logging started Mon Sep 18 16:46:55 2023

Set parameter LogFile to value "midsem.log"
Set parameter MIPFocus to value 1
Gurobi Optimizer version 10.0.0 build v10.0.0rc2 (mac64[arm])

CPU model: Apple M1 Pro
Thread count: 10 physical cores, 10 logical processors, using up to 10 threads

Optimize a model with 110 rows, 3020 columns and 2000 nonzeros
Model fingerprint: 0x4dc894fc
Model has 110 quadratic objective terms
Model has 3000 quadratic constraints
Variable types: 0 continuous, 3020 integer (1000 binary)
Coefficient statistics:
  Matrix range     [1e+00, 1e+00]
  QMatrix range    [1e+00, 1e+00]
  QLMatrix range   [1e+00, 1e+02]
  Objective range  [1e+00, 1e+00]
  QObjective range [8e+00, 4e+01]
  Bounds range     [1e+00, 1e+00]
  RHS range        [1e+00, 1e+01]
Presolve time: 0.01s

Explored 0 nodes (0 simplex iterations) in 0.01 seconds (0.01 work units)
Thread count was 1 (of 10 available processors)

Solution count 0

Best objective -, best bound -, gap -

Gurobi 10.0.0 (mac64[arm]) logging started Mon Sep 18 16:50:29 2023

Set parameter LogFile to value "midsem.log"
Set parameter MIPFocus to value 1

Gurobi 10.0.0 (mac64[arm]) logging started Mon Sep 18 16:51:11 2023

Set parameter LogFile to value "midsem.log"
Set parameter MIPFocus to value 1

Gurobi 10.0.0 (mac64[arm]) logging started Mon Sep 18 16:51:50 2023

Set parameter LogFile to value "midsem.log"
Set parameter MIPFocus to value 1

Gurobi 10.0.0 (mac64[arm]) logging started Mon Sep 18 16:52:32 2023

Set parameter LogFile to value "midsem.log"
Set parameter MIPFocus to value 1

Gurobi 10.0.0 (mac64[arm]) logging started Mon Sep 18 16:54:55 2023

Set parameter LogFile to value "midsem.log"
Set parameter MIPFocus to value 1
Gurobi Optimizer version 10.0.0 build v10.0.0rc2 (mac64[arm])

CPU model: Apple M1 Pro
Thread count: 10 physical cores, 10 logical processors, using up to 10 threads

Optimize a model with 110 rows, 3020 columns and 2000 nonzeros
Model fingerprint: 0xc9c69027
Model has 3000 quadratic constraints
Variable types: 2000 continuous, 1020 integer (1000 binary)
Coefficient statistics:
  Matrix range     [1e+00, 1e+00]
  QMatrix range    [1e+00, 1e+00]
  QLMatrix range   [1e+00, 1e+02]
  Objective range  [0e+00, 0e+00]
  Bounds range     [1e+00, 1e+00]
  RHS range        [1e+00, 1e+01]
Presolve time: 0.01s

Explored 0 nodes (0 simplex iterations) in 0.01 seconds (0.01 work units)
Thread count was 1 (of 10 available processors)

Solution count 0

Best objective -, best bound -, gap -

Gurobi 10.0.0 (mac64[arm]) logging started Mon Sep 18 16:55:22 2023

Set parameter LogFile to value "midsem.log"
Set parameter MIPFocus to value 1

Gurobi 10.0.0 (mac64[arm]) logging started Mon Sep 18 16:58:14 2023

Set parameter LogFile to value "midsem.log"
Set parameter MIPFocus to value 1
Gurobi Optimizer version 10.0.0 build v10.0.0rc2 (mac64[arm])

CPU model: Apple M1 Pro
Thread count: 10 physical cores, 10 logical processors, using up to 10 threads

Optimize a model with 2110 rows, 3020 columns and 6000 nonzeros
Model fingerprint: 0xa0f804dc
Model has 1110 quadratic objective terms
Model has 1000 quadratic constraints
Variable types: 2000 continuous, 1020 integer (1000 binary)
Coefficient statistics:
  Matrix range     [1e+00, 1e+00]
  QMatrix range    [1e+00, 1e+00]
  QLMatrix range   [1e+00, 1e+00]
  Objective range  [0e+00, 0e+00]
  QObjective range [2e+00, 4e+01]
  Bounds range     [1e+00, 1e+00]
  RHS range        [1e+00, 1e+02]
Presolve removed 40 rows and 40 columns
Presolve time: 0.00s

Explored 0 nodes (0 simplex iterations) in 0.01 seconds (0.00 work units)
Thread count was 1 (of 10 available processors)

Solution count 0

Model is infeasible or unbounded
Best objective -, best bound -, gap -

Gurobi 10.0.0 (mac64[arm]) logging started Mon Sep 18 17:00:04 2023

Set parameter LogFile to value "midsem.log"
Set parameter MIPFocus to value 1
Gurobi Optimizer version 10.0.0 build v10.0.0rc2 (mac64[arm])

CPU model: Apple M1 Pro
Thread count: 10 physical cores, 10 logical processors, using up to 10 threads

Optimize a model with 2110 rows, 3020 columns and 6000 nonzeros
Model fingerprint: 0x6d240cf8
Model has 1110 quadratic objective terms
Model has 1000 quadratic constraints
Variable types: 2000 continuous, 1020 integer (1000 binary)
Coefficient statistics:
  Matrix range     [1e+00, 1e+00]
  QMatrix range    [1e+00, 1e+00]
  QLMatrix range   [1e+00, 1e+00]
  Objective range  [0e+00, 0e+00]
  QObjective range [2e+00, 4e+01]
  Bounds range     [1e+00, 1e+00]
  RHS range        [1e+00, 1e+02]
Presolve removed 10 rows and 10 columns
Presolve time: 0.01s

Explored 0 nodes (0 simplex iterations) in 0.01 seconds (0.01 work units)
Thread count was 1 (of 10 available processors)

Solution count 0

Best objective -, best bound -, gap -

Gurobi 10.0.0 (mac64[arm]) logging started Mon Sep 18 17:01:19 2023

Set parameter LogFile to value "midsem.log"
Set parameter NonConvex to value 2
Set parameter MIPFocus to value 1
Gurobi Optimizer version 10.0.0 build v10.0.0rc2 (mac64[arm])

CPU model: Apple M1 Pro
Thread count: 10 physical cores, 10 logical processors, using up to 10 threads

Optimize a model with 2110 rows, 3020 columns and 6000 nonzeros
Model fingerprint: 0x431db0ea
Model has 1110 quadratic objective terms
Model has 1000 quadratic constraints
Variable types: 2000 continuous, 1020 integer (1000 binary)
Coefficient statistics:
  Matrix range     [1e+00, 1e+00]
  QMatrix range    [1e+00, 1e+00]
  QLMatrix range   [1e+00, 1e+00]
  Objective range  [0e+00, 0e+00]
  QObjective range [2e+00, 4e+01]
  Bounds range     [1e+00, 1e+00]
  RHS range        [1e+00, 1e+02]
Presolve removed 10 rows and 10 columns
Presolve time: 0.01s
Presolved: 7281 rows, 6112 columns, 18441 nonzeros
Presolved model has 2000 SOS constraint(s)
Presolved model has 10 quadratic constraint(s)
Presolved model has 1090 bilinear constraint(s)
Variable types: 3002 continuous, 3110 integer (2000 binary)

Root relaxation: infeasible, 1995 iterations, 0.01 seconds (0.01 work units)

    Nodes    |    Current Node    |     Objective Bounds      |     Work
 Expl Unexpl |  Obj  Depth IntInf | Incumbent    BestBd   Gap | It/Node Time

     0     0 infeasible    0               - infeasible      -     -    0s

Explored 1 nodes (1995 simplex iterations) in 0.05 seconds (0.05 work units)
Thread count was 10 (of 10 available processors)

Solution count 0

Model is infeasible or unbounded
Best objective -, best bound -, gap -

Gurobi 10.0.0 (mac64[arm]) logging started Mon Sep 18 18:10:47 2023

Set parameter LogFile to value "midsem.log"
Set parameter NonConvex to value 2
Set parameter MIPFocus to value 1
Gurobi Optimizer version 10.0.0 build v10.0.0rc2 (mac64[arm])

CPU model: Apple M1 Pro
Thread count: 10 physical cores, 10 logical processors, using up to 10 threads

Optimize a model with 2110 rows, 3020 columns and 6000 nonzeros
Model fingerprint: 0x8b01cde7
Model has 1110 quadratic objective terms
Model has 1000 general constraints
Variable types: 2000 continuous, 1020 integer (1000 binary)
Coefficient statistics:
  Matrix range     [1e+00, 1e+00]
  Objective range  [0e+00, 0e+00]
  QObjective range [2e+00, 4e+01]
  Bounds range     [1e+00, 1e+00]
  RHS range        [1e+00, 1e+02]
Presolve time: 0.00s

Explored 0 nodes (0 simplex iterations) in 0.00 seconds (0.00 work units)
Thread count was 1 (of 10 available processors)

Solution count 0

Model is infeasible or unbounded
Best objective -, best bound -, gap -

Gurobi 10.0.0 (mac64[arm]) logging started Mon Sep 18 18:12:15 2023

Set parameter LogFile to value "midsem.log"
Set parameter NonConvex to value 2
Set parameter MIPFocus to value 1
Gurobi Optimizer version 10.0.0 build v10.0.0rc2 (mac64[arm])

CPU model: Apple M1 Pro
Thread count: 10 physical cores, 10 logical processors, using up to 10 threads

Optimize a model with 2110 rows, 3020 columns and 6000 nonzeros
Model fingerprint: 0x811beed4
Model has 1110 quadratic objective terms
Model has 1000 general constraints
Variable types: 2000 continuous, 1020 integer (1000 binary)
Coefficient statistics:
  Matrix range     [1e+00, 1e+00]
  Objective range  [0e+00, 0e+00]
  QObjective range [2e+00, 4e+01]
  Bounds range     [1e+00, 1e+00]
  RHS range        [1e+00, 1e+02]
Presolve time: 0.00s

Explored 0 nodes (0 simplex iterations) in 0.00 seconds (0.00 work units)
Thread count was 1 (of 10 available processors)

Solution count 0

Model is infeasible or unbounded
Best objective -, best bound -, gap -

Gurobi 10.0.0 (mac64[arm]) logging started Mon Sep 18 18:12:46 2023

Set parameter LogFile to value "midsem.log"
Set parameter NonConvex to value 2
Set parameter MIPFocus to value 1
Gurobi Optimizer version 10.0.0 build v10.0.0rc2 (mac64[arm])

CPU model: Apple M1 Pro
Thread count: 10 physical cores, 10 logical processors, using up to 10 threads

Optimize a model with 2110 rows, 3020 columns and 6000 nonzeros
Model fingerprint: 0x164a0325
Model has 1110 quadratic objective terms
Model has 1000 general constraints
Variable types: 2000 continuous, 1020 integer (1000 binary)
Coefficient statistics:
  Matrix range     [1e+00, 1e+00]
  Objective range  [0e+00, 0e+00]
  QObjective range [2e+00, 4e+01]
  Bounds range     [1e+00, 1e+00]
  RHS range        [1e+00, 1e+02]
Presolve time: 0.00s

Explored 0 nodes (0 simplex iterations) in 0.00 seconds (0.00 work units)
Thread count was 1 (of 10 available processors)

Solution count 0

Model is infeasible or unbounded
Best objective -, best bound -, gap -
IIS computation: initial model status unknown, solving to determine model status
Presolve time: 0.00s

Explored 0 nodes (0 simplex iterations) in 0.00 seconds (0.00 work units)
Thread count was 1 (of 10 available processors)

Solution count 0

Model is infeasible
Best objective -, best bound -, gap -

Computing Irreducible Inconsistent Subsystem (IIS)...

           Constraints          |            Bounds           |  Runtime
      Min       Max     Guess   |   Min       Max     Guess   |
--------------------------------------------------------------------------
        0      3110         -         0      2020         -           0s
        4         4         4         0         0         0           0s

IIS computed: 4 constraints, 0 bounds
IIS runtime: 0.02 seconds (0.01 work units)
Warning: linear constraint 0 and linear constraint 2 have the same name "Temp[0]"

Gurobi 10.0.0 (mac64[arm]) logging started Mon Sep 18 18:16:12 2023

Set parameter LogFile to value "midsem.log"
Set parameter NonConvex to value 2
Set parameter MIPFocus to value 1
Gurobi Optimizer version 10.0.0 build v10.0.0rc2 (mac64[arm])

CPU model: Apple M1 Pro
Thread count: 10 physical cores, 10 logical processors, using up to 10 threads

Optimize a model with 2110 rows, 5020 columns and 6000 nonzeros
Model fingerprint: 0x94e016b3
Model has 2110 quadratic objective terms
Model has 2000 general constraints
Variable types: 4000 continuous, 1020 integer (1000 binary)
Coefficient statistics:
  Matrix range     [1e+00, 1e+00]
  Objective range  [0e+00, 0e+00]
  QObjective range [2e+00, 4e+01]
  Bounds range     [1e+00, 1e+00]
  RHS range        [1e+00, 1e+02]
Presolve added 4000 rows and 202030 columns
Presolve time: 0.35s
Presolved: 8110 rows, 209050 columns, 621360 nonzeros
Presolved model has 2000 SOS constraint(s)
Presolved model has 110 quadratic objective terms
Variable types: 208030 continuous, 1020 integer (1000 binary)

Root relaxation: objective 5.546750e+05, 8959 iterations, 0.22 seconds (0.38 work units)

    Nodes    |    Current Node    |     Objective Bounds      |     Work
 Expl Unexpl |  Obj  Depth IntInf | Incumbent    BestBd   Gap | It/Node Time

*    0     0               0    554675.00000 554675.000  0.00%     -    1s

Explored 1 nodes (8959 simplex iterations) in 1.23 seconds (2.15 work units)
Thread count was 10 (of 10 available processors)

Solution count 1: 554675 

Optimal solution found (tolerance 1.00e-04)
Best objective 5.546750000000e+05, best bound 5.546750000000e+05, gap 0.0000%
IIS computation: initial model status unknown, solving to determine model status
Presolve added 0 rows and 5252 columns
Presolve removed 1844 rows and 0 columns
Presolve time: 0.65s
Presolved: 266 rows, 10272 columns, 27105 nonzeros
Presolved model has 100 SOS constraint(s)
Variable types: 10271 continuous, 1 integer (0 binary)
Found heuristic solution: objective 0.0000000

Explored 0 nodes (0 simplex iterations) in 0.67 seconds (0.86 work units)
Thread count was 10 (of 10 available processors)

Solution count 1: 0 

Optimal solution found (tolerance 1.00e-04)
Best objective 0.000000000000e+00, best bound 0.000000000000e+00, gap 0.0000%
IIS runtime: 0.67 seconds (0.86 work units)

Gurobi 10.0.0 (mac64[arm]) logging started Mon Sep 18 18:16:27 2023

Set parameter LogFile to value "midsem.log"
Set parameter NonConvex to value 2
Set parameter MIPFocus to value 1
Gurobi Optimizer version 10.0.0 build v10.0.0rc2 (mac64[arm])

CPU model: Apple M1 Pro
Thread count: 10 physical cores, 10 logical processors, using up to 10 threads

Optimize a model with 2110 rows, 5020 columns and 6000 nonzeros
Model fingerprint: 0x167b821c
Model has 2110 quadratic objective terms
Model has 2000 general constraints
Variable types: 4000 continuous, 1020 integer (1000 binary)
Coefficient statistics:
  Matrix range     [1e+00, 1e+00]
  Objective range  [0e+00, 0e+00]
  QObjective range [2e+00, 4e+01]
  Bounds range     [1e+00, 1e+00]
  RHS range        [1e+00, 1e+02]
Presolve added 4000 rows and 202060 columns
Presolve time: 0.34s
Presolved: 8110 rows, 209080 columns, 621610 nonzeros
Presolved model has 2000 SOS constraint(s)
Presolved model has 110 quadratic objective terms
Variable types: 208060 continuous, 1020 integer (1000 binary)

Root relaxation: objective 6.433340e+05, 8361 iterations, 0.19 seconds (0.32 work units)

    Nodes    |    Current Node    |     Objective Bounds      |     Work
 Expl Unexpl |  Obj  Depth IntInf | Incumbent    BestBd   Gap | It/Node Time

*    0     0               0    643334.00000 643334.000  0.00%     -    1s

Explored 1 nodes (8361 simplex iterations) in 1.18 seconds (2.10 work units)
Thread count was 10 (of 10 available processors)

Solution count 1: 643334 

Optimal solution found (tolerance 1.00e-04)
Best objective 6.433340000000e+05, best bound 6.433340000000e+05, gap 0.0000%

Gurobi 10.0.0 (mac64[arm]) logging started Mon Sep 18 18:20:19 2023

Set parameter LogFile to value "midsem.log"
Set parameter NonConvex to value 2
Set parameter MIPFocus to value 1
Gurobi Optimizer version 10.0.0 build v10.0.0rc2 (mac64[arm])

CPU model: Apple M1 Pro
Thread count: 10 physical cores, 10 logical processors, using up to 10 threads

Optimize a model with 2310 rows, 5520 columns and 6560 nonzeros
Model fingerprint: 0xbda33c9a
Model has 2200 quadratic objective terms
Model has 2200 general constraints
Variable types: 4400 continuous, 1120 integer (1100 binary)
Coefficient statistics:
  Matrix range     [1e+00, 1e+00]
  Objective range  [0e+00, 0e+00]
  QObjective range [2e+00, 2e+00]
  Bounds range     [1e+00, 1e+00]
  RHS range        [1e+00, 1e+02]
Presolve added 3800 rows and 202292 columns
Presolve time: 0.45s
Presolved: 8110 rows, 209812 columns, 623810 nonzeros
Presolved model has 2000 SOS constraint(s)
Variable types: 208810 continuous, 1002 integer (1000 binary)
Found heuristic solution: objective 678847.00000
Deterministic concurrent LP optimizer: primal simplex, dual simplex, and barrier
Showing barrier log only...

Root barrier log...

Ordering time: 0.00s

Barrier statistics:
 AA' NZ     : 1.049e+04
 Factor NZ  : 1.168e+04 (roughly 9 MB of memory)
 Factor Ops : 6.624e+05 (less than 1 second per iteration)
 Threads    : 1

Barrier performed 0 iterations in 0.95 seconds (1.46 work units)
Barrier solve interrupted - model solved by another algorithm

Concurrent spin time: 0.00s

Solved with dual simplex
Deterministic concurrent LP optimizer: primal simplex, dual simplex, and barrier
Showing barrier log only...

Root barrier log...

Ordering time: 0.00s

Barrier statistics:
 Dense cols : 2
 AA' NZ     : 1.600e+04
 Factor NZ  : 7.655e+04 (roughly 90 MB of memory)
 Factor Ops : 8.242e+05 (less than 1 second per iteration)
 Threads    : 8

Barrier performed 0 iterations in 1.03 seconds (1.49 work units)
Barrier solve interrupted - model solved by another algorithm

Concurrent spin time: 0.03s

Solved with dual simplex

Root relaxation: cutoff, 0 iterations, 0.28 seconds (0.30 work units)

Explored 1 nodes (0 simplex iterations) in 1.04 seconds (1.48 work units)
Thread count was 10 (of 10 available processors)

Solution count 1: 678847 

Optimal solution found (tolerance 1.00e-04)
Best objective 6.788470000000e+05, best bound 6.788470000000e+05, gap 0.0000%

Gurobi 10.0.0 (mac64[arm]) logging started Mon Sep 18 18:24:29 2023

Set parameter LogFile to value "midsem.log"
Set parameter NonConvex to value 2
Set parameter MIPFocus to value 1
Gurobi Optimizer version 10.0.0 build v10.0.0rc2 (mac64[arm])

CPU model: Apple M1 Pro
Thread count: 10 physical cores, 10 logical processors, using up to 10 threads

Optimize a model with 2310 rows, 5520 columns and 6560 nonzeros
Model fingerprint: 0x8d9761ec
Model has 2200 quadratic objective terms
Model has 2200 general constraints
Variable types: 4400 continuous, 1120 integer (1100 binary)
Coefficient statistics:
  Matrix range     [1e+00, 1e+00]
  Objective range  [0e+00, 0e+00]
  QObjective range [2e+00, 2e+00]
  Bounds range     [1e+00, 1e+00]
  RHS range        [1e+00, 1e+02]
Presolve added 3800 rows and 202452 columns
Presolve time: 0.47s
Presolved: 8110 rows, 209972 columns, 624210 nonzeros
Presolved model has 2000 SOS constraint(s)
Variable types: 208970 continuous, 1002 integer (1000 binary)
Found heuristic solution: objective 663087.00000
Deterministic concurrent LP optimizer: primal simplex, dual simplex, and barrier
Showing barrier log only...

Root barrier log...

Ordering time: 0.00s

Barrier statistics:
 AA' NZ     : 1.049e+04
 Factor NZ  : 1.168e+04 (roughly 9 MB of memory)
 Factor Ops : 6.624e+05 (less than 1 second per iteration)
 Threads    : 1

Barrier performed 0 iterations in 0.96 seconds (1.47 work units)
Barrier solve interrupted - model solved by another algorithm

Concurrent spin time: 0.00s

Solved with dual simplex
Deterministic concurrent LP optimizer: primal simplex, dual simplex, and barrier
Showing barrier log only...

Root barrier log...

Ordering time: 0.00s

Barrier statistics:
 Dense cols : 2
 AA' NZ     : 1.600e+04
 Factor NZ  : 7.655e+04 (roughly 90 MB of memory)
 Factor Ops : 8.242e+05 (less than 1 second per iteration)
 Threads    : 8

Barrier performed 0 iterations in 1.05 seconds (1.49 work units)
Barrier solve interrupted - model solved by another algorithm

Concurrent spin time: 0.03s

Solved with dual simplex

Root relaxation: cutoff, 0 iterations, 0.29 seconds (0.30 work units)

Explored 1 nodes (0 simplex iterations) in 1.06 seconds (1.48 work units)
Thread count was 10 (of 10 available processors)

Solution count 1: 663087 

Optimal solution found (tolerance 1.00e-04)
Best objective 6.630870000000e+05, best bound 6.630870000000e+05, gap 0.0000%

Gurobi 10.0.0 (mac64[arm]) logging started Mon Sep 18 18:24:41 2023

Set parameter LogFile to value "midsem.log"
Set parameter NonConvex to value 2
Set parameter MIPFocus to value 1
Gurobi Optimizer version 10.0.0 build v10.0.0rc2 (mac64[arm])

CPU model: Apple M1 Pro
Thread count: 10 physical cores, 10 logical processors, using up to 10 threads

Optimize a model with 2310 rows, 5520 columns and 6560 nonzeros
Model fingerprint: 0xfff9feff
Model has 2200 quadratic objective terms
Model has 2200 general constraints
Variable types: 4400 continuous, 1120 integer (1100 binary)
Coefficient statistics:
  Matrix range     [1e+00, 1e+00]
  Objective range  [0e+00, 0e+00]
  QObjective range [2e+00, 2e+00]
  Bounds range     [1e+00, 1e+00]
  RHS range        [1e+00, 1e+02]
Presolve added 3800 rows and 202332 columns
Presolve time: 0.46s
Presolved: 8110 rows, 209852 columns, 623960 nonzeros
Presolved model has 2000 SOS constraint(s)
Variable types: 208850 continuous, 1002 integer (1000 binary)
Found heuristic solution: objective 730861.00000
Deterministic concurrent LP optimizer: primal simplex, dual simplex, and barrier
Showing barrier log only...

Root barrier log...

Ordering time: 0.00s

Barrier statistics:
 AA' NZ     : 1.029e+04
 Factor NZ  : 1.147e+04 (roughly 9 MB of memory)
 Factor Ops : 6.428e+05 (less than 1 second per iteration)
 Threads    : 1

Barrier performed 0 iterations in 0.94 seconds (1.46 work units)
Barrier solve interrupted - model solved by another algorithm

Concurrent spin time: 0.00s

Solved with dual simplex
Deterministic concurrent LP optimizer: primal simplex, dual simplex, and barrier
Showing barrier log only...

Root barrier log...

Ordering time: 0.00s

Barrier statistics:
 Dense cols : 2
 AA' NZ     : 1.600e+04
 Factor NZ  : 7.655e+04 (roughly 90 MB of memory)
 Factor Ops : 8.242e+05 (less than 1 second per iteration)
 Threads    : 8

Barrier performed 0 iterations in 1.03 seconds (1.49 work units)
Barrier solve interrupted - model solved by another algorithm

Concurrent spin time: 0.03s

Solved with dual simplex

Root relaxation: cutoff, 0 iterations, 0.28 seconds (0.30 work units)

Explored 1 nodes (0 simplex iterations) in 1.03 seconds (1.48 work units)
Thread count was 10 (of 10 available processors)

Solution count 1: 730861 

Optimal solution found (tolerance 1.00e-04)
Best objective 7.308610000000e+05, best bound 7.308610000000e+05, gap 0.0000%

Gurobi 10.0.0 (mac64[arm]) logging started Mon Sep 18 18:26:17 2023

Set parameter LogFile to value "midsem.log"
Set parameter NonConvex to value 2
Set parameter MIPFocus to value 1
Gurobi Optimizer version 10.0.0 build v10.0.0rc2 (mac64[arm])

CPU model: Apple M1 Pro
Thread count: 10 physical cores, 10 logical processors, using up to 10 threads

Optimize a model with 2310 rows, 5520 columns and 6560 nonzeros
Model fingerprint: 0xf1ef779b
Model has 2200 quadratic objective terms
Model has 2200 general constraints
Variable types: 4400 continuous, 1120 integer (1100 binary)
Coefficient statistics:
  Matrix range     [1e+00, 1e+00]
  Objective range  [0e+00, 0e+00]
  QObjective range [2e+00, 2e+00]
  Bounds range     [1e+00, 1e+00]
  RHS range        [1e+00, 1e+02]
Presolve added 3800 rows and 202312 columns
Presolve time: 0.46s
Presolved: 8110 rows, 209832 columns, 623790 nonzeros
Presolved model has 2000 SOS constraint(s)
Variable types: 208830 continuous, 1002 integer (1000 binary)
Found heuristic solution: objective 708836.00000
Deterministic concurrent LP optimizer: primal simplex, dual simplex, and barrier
Showing barrier log only...

Root barrier log...

Ordering time: 0.00s

Barrier statistics:
 AA' NZ     : 1.049e+04
 Factor NZ  : 1.168e+04 (roughly 9 MB of memory)
 Factor Ops : 6.624e+05 (less than 1 second per iteration)
 Threads    : 1

Barrier performed 0 iterations in 0.94 seconds (1.47 work units)
Barrier solve interrupted - model solved by another algorithm

Concurrent spin time: 0.00s

Solved with dual simplex
Deterministic concurrent LP optimizer: primal simplex, dual simplex, and barrier
Showing barrier log only...

Root barrier log...

Ordering time: 0.00s

Barrier statistics:
 Dense cols : 2
 AA' NZ     : 1.600e+04
 Factor NZ  : 7.655e+04 (roughly 90 MB of memory)
 Factor Ops : 8.242e+05 (less than 1 second per iteration)
 Threads    : 8

Barrier performed 0 iterations in 1.02 seconds (1.49 work units)
Barrier solve interrupted - model solved by another algorithm

Concurrent spin time: 0.03s

Solved with dual simplex

Root relaxation: cutoff, 0 iterations, 0.28 seconds (0.30 work units)

Explored 1 nodes (0 simplex iterations) in 1.03 seconds (1.48 work units)
Thread count was 10 (of 10 available processors)

Solution count 1: 708836 

Optimal solution found (tolerance 1.00e-04)
Best objective 7.088360000000e+05, best bound 7.088360000000e+05, gap 0.0000%

Gurobi 10.0.0 (mac64[arm]) logging started Mon Sep 18 18:26:27 2023

Set parameter LogFile to value "midsem.log"
Set parameter NonConvex to value 2
Set parameter MIPFocus to value 1
Gurobi Optimizer version 10.0.0 build v10.0.0rc2 (mac64[arm])

CPU model: Apple M1 Pro
Thread count: 10 physical cores, 10 logical processors, using up to 10 threads

Optimize a model with 2310 rows, 5520 columns and 6560 nonzeros
Model fingerprint: 0xcc6bd93e
Model has 2200 quadratic objective terms
Model has 2200 general constraints
Variable types: 4400 continuous, 1120 integer (1100 binary)
Coefficient statistics:
  Matrix range     [1e+00, 1e+00]
  Objective range  [0e+00, 0e+00]
  QObjective range [2e+00, 2e+00]
  Bounds range     [1e+00, 1e+00]
  RHS range        [1e+00, 1e+02]
Presolve added 3800 rows and 202432 columns
Presolve time: 0.45s
Presolved: 8110 rows, 209952 columns, 624130 nonzeros
Presolved model has 2000 SOS constraint(s)
Variable types: 208950 continuous, 1002 integer (1000 binary)
Found heuristic solution: objective 574530.00000
Deterministic concurrent LP optimizer: primal simplex, dual simplex, and barrier
Showing barrier log only...

Root barrier log...

Ordering time: 0.00s

Barrier statistics:
 AA' NZ     : 1.070e+04
 Factor NZ  : 1.190e+04 (roughly 9 MB of memory)
 Factor Ops : 6.825e+05 (less than 1 second per iteration)
 Threads    : 1

Barrier performed 0 iterations in 0.93 seconds (1.47 work units)
Barrier solve interrupted - model solved by another algorithm

Concurrent spin time: 0.00s

Solved with dual simplex
Deterministic concurrent LP optimizer: primal simplex, dual simplex, and barrier
Showing barrier log only...

Root barrier log...

Ordering time: 0.00s

Barrier statistics:
 Dense cols : 2
 AA' NZ     : 1.600e+04
 Factor NZ  : 7.655e+04 (roughly 90 MB of memory)
 Factor Ops : 8.242e+05 (less than 1 second per iteration)
 Threads    : 8

Barrier performed 0 iterations in 1.01 seconds (1.49 work units)
Barrier solve interrupted - model solved by another algorithm

Concurrent spin time: 0.03s

Solved with dual simplex

Root relaxation: cutoff, 0 iterations, 0.27 seconds (0.30 work units)

Explored 1 nodes (0 simplex iterations) in 1.02 seconds (1.48 work units)
Thread count was 10 (of 10 available processors)

Solution count 1: 574530 

Optimal solution found (tolerance 1.00e-04)
Best objective 5.745300000000e+05, best bound 5.745300000000e+05, gap 0.0000%

Gurobi 10.0.0 (mac64[arm]) logging started Mon Sep 18 18:27:08 2023

Set parameter LogFile to value "midsem.log"
Set parameter MIPFocus to value 1
Gurobi Optimizer version 10.0.0 build v10.0.0rc2 (mac64[arm])

CPU model: Apple M1 Pro
Thread count: 10 physical cores, 10 logical processors, using up to 10 threads

Optimize a model with 2310 rows, 5520 columns and 6560 nonzeros
Model fingerprint: 0xf3042ff4
Model has 2200 quadratic objective terms
Model has 2200 general constraints
Variable types: 4400 continuous, 1120 integer (1100 binary)
Coefficient statistics:
  Matrix range     [1e+00, 1e+00]
  Objective range  [0e+00, 0e+00]
  QObjective range [2e+00, 2e+00]
  Bounds range     [1e+00, 1e+00]
  RHS range        [1e+00, 1e+02]
Presolve added 3800 rows and 202432 columns
Presolve time: 0.48s
Presolved: 8110 rows, 209952 columns, 624180 nonzeros
Presolved model has 2000 SOS constraint(s)
Variable types: 208950 continuous, 1002 integer (1000 binary)
Found heuristic solution: objective 641263.00000
Deterministic concurrent LP optimizer: primal simplex, dual simplex, and barrier
Showing barrier log only...

Root barrier log...

Ordering time: 0.00s

Barrier statistics:
 AA' NZ     : 1.049e+04
 Factor NZ  : 1.168e+04 (roughly 9 MB of memory)
 Factor Ops : 6.624e+05 (less than 1 second per iteration)
 Threads    : 1

Barrier performed 0 iterations in 0.95 seconds (1.49 work units)
Barrier solve interrupted - model solved by another algorithm

Concurrent spin time: 0.00s

Solved with dual simplex
Deterministic concurrent LP optimizer: primal simplex, dual simplex, and barrier
Showing barrier log only...

Root barrier log...

Ordering time: 0.00s

Barrier statistics:
 Dense cols : 2
 AA' NZ     : 1.600e+04
 Factor NZ  : 7.655e+04 (roughly 90 MB of memory)
 Factor Ops : 8.242e+05 (less than 1 second per iteration)
 Threads    : 8

Barrier performed 0 iterations in 1.04 seconds (1.51 work units)
Barrier solve interrupted - model solved by another algorithm

Concurrent spin time: 0.03s

Solved with dual simplex

Root relaxation: cutoff, 0 iterations, 0.28 seconds (0.30 work units)

Explored 1 nodes (0 simplex iterations) in 1.05 seconds (1.50 work units)
Thread count was 10 (of 10 available processors)

Solution count 1: 641263 

Optimal solution found (tolerance 1.00e-04)
Best objective 6.412630000000e+05, best bound 6.412630000000e+05, gap 0.0000%

Gurobi 10.0.0 (mac64[arm]) logging started Mon Sep 18 18:27:49 2023

Set parameter LogFile to value "midsem.log"
Set parameter MIPFocus to value 1
Gurobi Optimizer version 10.0.0 build v10.0.0rc2 (mac64[arm])

CPU model: Apple M1 Pro
Thread count: 10 physical cores, 10 logical processors, using up to 10 threads

Optimize a model with 2310 rows, 5520 columns and 6560 nonzeros
Model fingerprint: 0x77e82151
Model has 2200 quadratic objective terms
Model has 2200 general constraints
Variable types: 4400 continuous, 1120 integer (1100 binary)
Coefficient statistics:
  Matrix range     [1e+00, 1e+00]
  Objective range  [0e+00, 0e+00]
  QObjective range [2e+00, 2e+00]
  Bounds range     [1e+00, 1e+00]
  RHS range        [1e+00, 1e+02]
Presolve added 3800 rows and 202432 columns
Presolve time: 0.46s
Presolved: 8110 rows, 209952 columns, 624280 nonzeros
Presolved model has 2000 SOS constraint(s)
Variable types: 208950 continuous, 1002 integer (1000 binary)
Found heuristic solution: objective 664178.00000
Deterministic concurrent LP optimizer: primal simplex, dual simplex, and barrier
Showing barrier log only...

Root barrier log...

Ordering time: 0.00s

Barrier statistics:
 AA' NZ     : 1.049e+04
 Factor NZ  : 1.168e+04 (roughly 9 MB of memory)
 Factor Ops : 6.624e+05 (less than 1 second per iteration)
 Threads    : 1

Barrier performed 0 iterations in 0.94 seconds (1.47 work units)
Barrier solve interrupted - model solved by another algorithm

Concurrent spin time: 0.00s

Solved with dual simplex
Deterministic concurrent LP optimizer: primal simplex, dual simplex, and barrier
Showing barrier log only...

Root barrier log...

Ordering time: 0.00s

Barrier statistics:
 Dense cols : 2
 AA' NZ     : 1.600e+04
 Factor NZ  : 7.655e+04 (roughly 90 MB of memory)
 Factor Ops : 8.242e+05 (less than 1 second per iteration)
 Threads    : 8

Barrier performed 0 iterations in 1.03 seconds (1.49 work units)
Barrier solve interrupted - model solved by another algorithm

Concurrent spin time: 0.04s

Solved with dual simplex

Root relaxation: cutoff, 0 iterations, 0.29 seconds (0.30 work units)

Explored 1 nodes (0 simplex iterations) in 1.04 seconds (1.48 work units)
Thread count was 10 (of 10 available processors)

Solution count 1: 664178 

Optimal solution found (tolerance 1.00e-04)
Best objective 6.641780000000e+05, best bound 6.641780000000e+05, gap 0.0000%

Gurobi 10.0.0 (mac64[arm]) logging started Mon Sep 18 18:28:41 2023

Set parameter LogFile to value "midsem.log"
Set parameter MIPFocus to value 1
Gurobi Optimizer version 10.0.0 build v10.0.0rc2 (mac64[arm])

CPU model: Apple M1 Pro
Thread count: 10 physical cores, 10 logical processors, using up to 10 threads

Optimize a model with 2310 rows, 5520 columns and 6560 nonzeros
Model fingerprint: 0xea4195f8
Model has 2200 quadratic objective terms
Model has 2200 general constraints
Variable types: 4400 continuous, 1120 integer (1100 binary)
Coefficient statistics:
  Matrix range     [1e+00, 1e+00]
  Objective range  [0e+00, 0e+00]
  QObjective range [2e+00, 2e+00]
  Bounds range     [1e+00, 1e+00]
  RHS range        [1e+00, 1e+02]
Presolve added 3800 rows and 202312 columns
Presolve time: 0.46s
Presolved: 8110 rows, 209832 columns, 623900 nonzeros
Presolved model has 2000 SOS constraint(s)
Variable types: 208830 continuous, 1002 integer (1000 binary)
Found heuristic solution: objective 720438.00000
Deterministic concurrent LP optimizer: primal simplex, dual simplex, and barrier
Showing barrier log only...

Root barrier log...

Ordering time: 0.00s

Barrier statistics:
 AA' NZ     : 1.070e+04
 Factor NZ  : 1.190e+04 (roughly 9 MB of memory)
 Factor Ops : 6.825e+05 (less than 1 second per iteration)
 Threads    : 1

Barrier performed 0 iterations in 0.94 seconds (1.47 work units)
Barrier solve interrupted - model solved by another algorithm

Concurrent spin time: 0.00s

Solved with dual simplex
Deterministic concurrent LP optimizer: primal simplex, dual simplex, and barrier
Showing barrier log only...

Root barrier log...

Ordering time: 0.00s

Barrier statistics:
 Dense cols : 2
 AA' NZ     : 1.600e+04
 Factor NZ  : 7.655e+04 (roughly 90 MB of memory)
 Factor Ops : 8.242e+05 (less than 1 second per iteration)
 Threads    : 8

Barrier performed 0 iterations in 1.03 seconds (1.49 work units)
Barrier solve interrupted - model solved by another algorithm

Concurrent spin time: 0.03s

Solved with dual simplex

Root relaxation: cutoff, 0 iterations, 0.28 seconds (0.30 work units)

Explored 1 nodes (0 simplex iterations) in 1.03 seconds (1.48 work units)
Thread count was 10 (of 10 available processors)

Solution count 1: 720438 

Optimal solution found (tolerance 1.00e-04)
Best objective 7.204380000000e+05, best bound 7.204380000000e+05, gap 0.0000%

Gurobi 10.0.0 (mac64[arm]) logging started Mon Sep 18 18:29:26 2023

Set parameter LogFile to value "midsem.log"
Set parameter MIPFocus to value 1
Gurobi Optimizer version 10.0.0 build v10.0.0rc2 (mac64[arm])

CPU model: Apple M1 Pro
Thread count: 10 physical cores, 10 logical processors, using up to 10 threads

Optimize a model with 2310 rows, 5520 columns and 6560 nonzeros
Model fingerprint: 0xa79de833
Model has 2200 quadratic objective terms
Model has 2200 general constraints
Variable types: 4400 continuous, 1120 integer (1100 binary)
Coefficient statistics:
  Matrix range     [1e+00, 1e+00]
  Objective range  [0e+00, 0e+00]
  QObjective range [2e+00, 2e+00]
  Bounds range     [1e+00, 1e+00]
  RHS range        [1e+00, 1e+02]
Presolve added 3800 rows and 202402 columns
Presolve time: 0.46s
Presolved: 8110 rows, 209922 columns, 624080 nonzeros
Presolved model has 2000 SOS constraint(s)
Variable types: 208920 continuous, 1002 integer (1000 binary)
Found heuristic solution: objective 577323.00000
Deterministic concurrent LP optimizer: primal simplex, dual simplex, and barrier
Showing barrier log only...

Root barrier log...

Ordering time: 0.00s

Barrier statistics:
 AA' NZ     : 1.029e+04
 Factor NZ  : 1.147e+04 (roughly 9 MB of memory)
 Factor Ops : 6.428e+05 (less than 1 second per iteration)
 Threads    : 1

Barrier performed 0 iterations in 0.94 seconds (1.47 work units)
Barrier solve interrupted - model solved by another algorithm

Concurrent spin time: 0.00s

Solved with dual simplex
Deterministic concurrent LP optimizer: primal simplex, dual simplex, and barrier
Showing barrier log only...

Root barrier log...

Ordering time: 0.00s

Barrier statistics:
 Dense cols : 2
 AA' NZ     : 1.600e+04
 Factor NZ  : 7.655e+04 (roughly 90 MB of memory)
 Factor Ops : 8.242e+05 (less than 1 second per iteration)
 Threads    : 8

Barrier performed 0 iterations in 1.02 seconds (1.49 work units)
Barrier solve interrupted - model solved by another algorithm

Concurrent spin time: 0.03s

Solved with dual simplex

Root relaxation: cutoff, 0 iterations, 0.28 seconds (0.30 work units)

Explored 1 nodes (0 simplex iterations) in 1.03 seconds (1.48 work units)
Thread count was 10 (of 10 available processors)

Solution count 1: 577323 

Optimal solution found (tolerance 1.00e-04)
Best objective 5.773230000000e+05, best bound 5.773230000000e+05, gap 0.0000%

Gurobi 10.0.0 (mac64[arm]) logging started Mon Sep 18 18:29:52 2023

Set parameter LogFile to value "midsem.log"
Set parameter MIPFocus to value 1
Gurobi Optimizer version 10.0.0 build v10.0.0rc2 (mac64[arm])

CPU model: Apple M1 Pro
Thread count: 10 physical cores, 10 logical processors, using up to 10 threads

Optimize a model with 2310 rows, 5520 columns and 6560 nonzeros
Model fingerprint: 0x708cdd7e
Model has 2200 quadratic objective terms
Model has 2200 general constraints
Variable types: 4400 continuous, 1120 integer (1100 binary)
Coefficient statistics:
  Matrix range     [1e+00, 1e+00]
  Objective range  [0e+00, 0e+00]
  QObjective range [2e+00, 2e+00]
  Bounds range     [1e+00, 1e+00]
  RHS range        [1e+00, 1e+02]
Presolve added 3800 rows and 202272 columns
Presolve time: 0.45s
Presolved: 8110 rows, 209792 columns, 623740 nonzeros
Presolved model has 2000 SOS constraint(s)
Variable types: 208790 continuous, 1002 integer (1000 binary)
Found heuristic solution: objective 724369.00000
Deterministic concurrent LP optimizer: primal simplex, dual simplex, and barrier
Showing barrier log only...

Root barrier log...

Ordering time: 0.00s

Barrier statistics:
 AA' NZ     : 1.070e+04
 Factor NZ  : 1.190e+04 (roughly 9 MB of memory)
 Factor Ops : 6.825e+05 (less than 1 second per iteration)
 Threads    : 1

Barrier performed 0 iterations in 0.94 seconds (1.47 work units)
Barrier solve interrupted - model solved by another algorithm

Concurrent spin time: 0.00s

Solved with dual simplex
Deterministic concurrent LP optimizer: primal simplex, dual simplex, and barrier
Showing barrier log only...

Root barrier log...

Ordering time: 0.00s

Barrier statistics:
 Dense cols : 2
 AA' NZ     : 1.600e+04
 Factor NZ  : 7.655e+04 (roughly 90 MB of memory)
 Factor Ops : 8.242e+05 (less than 1 second per iteration)
 Threads    : 8

Barrier performed 0 iterations in 1.03 seconds (1.49 work units)
Barrier solve interrupted - model solved by another algorithm

Concurrent spin time: 0.03s

Solved with dual simplex

Root relaxation: cutoff, 0 iterations, 0.28 seconds (0.30 work units)

Explored 1 nodes (0 simplex iterations) in 1.03 seconds (1.48 work units)
Thread count was 10 (of 10 available processors)

Solution count 1: 724369 

Optimal solution found (tolerance 1.00e-04)
Best objective 7.243690000000e+05, best bound 7.243690000000e+05, gap 0.0000%

Gurobi 10.0.0 (mac64[arm]) logging started Mon Sep 18 18:30:01 2023

Set parameter LogFile to value "midsem.log"
Set parameter MIPFocus to value 1
Gurobi Optimizer version 10.0.0 build v10.0.0rc2 (mac64[arm])

CPU model: Apple M1 Pro
Thread count: 10 physical cores, 10 logical processors, using up to 10 threads

Optimize a model with 2310 rows, 5520 columns and 6560 nonzeros
Model fingerprint: 0xb7cd4024
Model has 2200 quadratic objective terms
Model has 2200 general constraints
Variable types: 4400 continuous, 1120 integer (1100 binary)
Coefficient statistics:
  Matrix range     [1e+00, 1e+00]
  Objective range  [0e+00, 0e+00]
  QObjective range [2e+00, 2e+00]
  Bounds range     [1e+00, 1e+00]
  RHS range        [1e+00, 1e+02]
Presolve added 3800 rows and 202362 columns
Presolve time: 0.46s
Presolved: 8110 rows, 209882 columns, 623980 nonzeros
Presolved model has 2000 SOS constraint(s)
Variable types: 208880 continuous, 1002 integer (1000 binary)
Found heuristic solution: objective 597005.00000
Deterministic concurrent LP optimizer: primal simplex, dual simplex, and barrier
Showing barrier log only...

Root barrier log...

Ordering time: 0.00s

Barrier statistics:
 AA' NZ     : 1.070e+04
 Factor NZ  : 1.190e+04 (roughly 9 MB of memory)
 Factor Ops : 6.825e+05 (less than 1 second per iteration)
 Threads    : 1

Barrier performed 0 iterations in 0.95 seconds (1.47 work units)
Barrier solve interrupted - model solved by another algorithm

Concurrent spin time: 0.00s

Solved with dual simplex
Deterministic concurrent LP optimizer: primal simplex, dual simplex, and barrier
Showing barrier log only...

Root barrier log...

Ordering time: 0.00s

Barrier statistics:
 Dense cols : 2
 AA' NZ     : 1.600e+04
 Factor NZ  : 7.655e+04 (roughly 90 MB of memory)
 Factor Ops : 8.242e+05 (less than 1 second per iteration)
 Threads    : 8

Barrier performed 0 iterations in 1.03 seconds (1.49 work units)
Barrier solve interrupted - model solved by another algorithm

Concurrent spin time: 0.03s

Solved with dual simplex

Root relaxation: cutoff, 0 iterations, 0.28 seconds (0.30 work units)

Explored 1 nodes (0 simplex iterations) in 1.04 seconds (1.48 work units)
Thread count was 10 (of 10 available processors)

Solution count 1: 597005 

Optimal solution found (tolerance 1.00e-04)
Best objective 5.970050000000e+05, best bound 5.970050000000e+05, gap 0.0000%

Gurobi 10.0.0 (mac64[arm]) logging started Mon Sep 18 18:33:50 2023

Set parameter LogFile to value "midsem.log"
Set parameter MIPFocus to value 1
Gurobi Optimizer version 10.0.0 build v10.0.0rc2 (mac64[arm])

CPU model: Apple M1 Pro
Thread count: 10 physical cores, 10 logical processors, using up to 10 threads

Optimize a model with 2310 rows, 5520 columns and 6560 nonzeros
Model fingerprint: 0x0126d5e2
Model has 2000 quadratic objective terms
Model has 2200 general constraints
Variable types: 4400 continuous, 1120 integer (1100 binary)
Coefficient statistics:
  Matrix range     [1e+00, 1e+00]
  Objective range  [0e+00, 0e+00]
  QObjective range [2e+00, 2e+00]
  Bounds range     [1e+00, 1e+00]
  RHS range        [1e+00, 1e+02]
Presolve added 3800 rows and 202342 columns
Presolve time: 0.45s
Presolved: 8110 rows, 209862 columns, 624050 nonzeros
Presolved model has 2000 SOS constraint(s)
Variable types: 208860 continuous, 1002 integer (1000 binary)
Found heuristic solution: objective 737178.00000
Deterministic concurrent LP optimizer: primal simplex, dual simplex, and barrier
Showing barrier log only...

Root barrier log...

Ordering time: 0.00s

Barrier statistics:
 AA' NZ     : 1.029e+04
 Factor NZ  : 1.147e+04 (roughly 9 MB of memory)
 Factor Ops : 6.428e+05 (less than 1 second per iteration)
 Threads    : 1

Barrier performed 0 iterations in 0.94 seconds (1.47 work units)
Barrier solve interrupted - model solved by another algorithm

Concurrent spin time: 0.00s

Solved with dual simplex
Deterministic concurrent LP optimizer: primal simplex, dual simplex, and barrier
Showing barrier log only...

Root barrier log...

Ordering time: 0.00s

Barrier statistics:
 Dense cols : 2
 AA' NZ     : 1.600e+04
 Factor NZ  : 7.655e+04 (roughly 90 MB of memory)
 Factor Ops : 8.242e+05 (less than 1 second per iteration)
 Threads    : 8

Barrier performed 0 iterations in 1.03 seconds (1.49 work units)
Barrier solve interrupted - model solved by another algorithm

Concurrent spin time: 0.04s

Solved with dual simplex

Root relaxation: cutoff, 0 iterations, 0.29 seconds (0.30 work units)

Explored 1 nodes (0 simplex iterations) in 1.04 seconds (1.48 work units)
Thread count was 10 (of 10 available processors)

Solution count 1: 737178 

Optimal solution found (tolerance 1.00e-04)
Best objective 7.371780000000e+05, best bound 7.371780000000e+05, gap 0.0000%
